2024-11-29 12:11:54,748 - INFO -common - Yaml file has been Read Sucessfully....
2024-11-29 13:03:13,198 - INFO -common - Yaml file has been Read Sucessfully....
2024-11-29 13:04:31,186 - INFO -common - Yaml file has been Read Sucessfully....
2024-11-29 13:04:50,902 - INFO -common - Yaml file has been Read Sucessfully....
2024-11-29 13:05:00,011 - INFO -common - Yaml file has been Read Sucessfully....
2024-11-29 13:05:43,329 - INFO -common - Yaml file has been Read Sucessfully....
2024-12-02 12:21:48,477 - INFO -common - Yaml file has been Read Sucessfully....
2024-12-02 12:22:15,965 - INFO -common - Yaml file has been Read Sucessfully....
2024-12-02 12:22:19,225 - INFO -common - Yaml file has been Read Sucessfully....
2024-12-02 12:34:37,728 - INFO -common - a Directory has been created on artifacts/data_ingestion Location...
2024-12-02 13:05:05,853 - INFO -common - Yaml file has been Read Sucessfully....
2024-12-02 13:05:20,290 - INFO -common - a Directory has been created on artifacts/data_ingestion Location...
2024-12-02 13:08:51,651 - INFO -common - Yaml file has been Read Sucessfully....
2024-12-02 13:08:51,663 - INFO -common - a Directory has been created on artifacts/data_ingestion Location...
2024-12-02 14:44:32,862 - INFO -common - Yaml file has been Read Sucessfully....
2024-12-02 14:44:53,894 - INFO -common - Yaml file has been Read Sucessfully....
2024-12-02 14:45:19,647 - INFO -common - Yaml file has been Read Sucessfully....
2024-12-02 14:58:54,512 - INFO -common - Yaml file has been Read Sucessfully....
2024-12-02 15:00:52,138 - INFO -common - Yaml file has been Read Sucessfully....
2024-12-02 15:01:38,675 - INFO -common - Yaml file has been Read Sucessfully....
2024-12-02 15:01:38,677 - INFO -common - a Directory has been created on artifacts Location...
2024-12-02 15:02:18,709 - INFO -common - Yaml file has been Read Sucessfully....
2024-12-02 15:02:18,709 - INFO -common - a Directory has been created on artifacts Location...
2024-12-02 15:02:46,664 - INFO -common - Yaml file has been Read Sucessfully....
2024-12-02 15:02:46,664 - INFO -common - a Directory has been created on artifacts Location...
2024-12-02 15:04:37,753 - INFO -common - Yaml file has been Read Sucessfully....
2024-12-02 15:04:37,753 - INFO -common - a Directory has been created on artifacts Location...
2024-12-02 15:04:37,753 - INFO -common - a Directory has been created on artifacts/data_ingestion Location...
2024-12-02 15:05:23,369 - INFO -common - Yaml file has been Read Sucessfully....
2024-12-02 15:05:23,369 - INFO -common - a Directory has been created on artifacts Location...
2024-12-02 15:05:23,369 - INFO -common - a Directory has been created on artifacts/data_ingestion Location...
2024-12-03 11:09:36,044 - INFO -main - Data Ingestion Pipeline has been started....
2024-12-03 11:09:36,045 - INFO -common - Yaml file has been Read Sucessfully....
2024-12-03 11:09:36,045 - INFO -common - a Directory has been created on artifacts Location...
2024-12-03 11:09:36,045 - INFO -common - a Directory has been created on artifacts/data_ingestion Location...
2024-12-03 11:09:37,612 - INFO -data_ingestion - Data has been saved on the file location artifacts/data_ingestion/data.zip
2024-12-03 11:11:20,609 - INFO -main - Data Ingestion Pipeline has been started....
2024-12-03 11:11:20,610 - INFO -common - Yaml file has been Read Sucessfully....
2024-12-03 11:11:20,610 - INFO -common - a Directory has been created on artifacts Location...
2024-12-03 11:11:20,610 - INFO -common - a Directory has been created on artifacts/data_ingestion Location...
2024-12-03 11:11:20,610 - INFO -data_ingestion - file already Exists....
2024-12-03 11:11:20,610 - INFO -common - a Directory has been created on artifacts/data_ingestion Location...
2024-12-03 11:11:20,612 - INFO -data_ingestion - Data has been Extract to location artifacts/data_ingestion
2024-12-03 11:11:20,612 - INFO -main - Data Ingestion Pipeline has been Completed......
2024-12-03 13:08:44,086 - INFO -common - Yaml file has been Read Sucessfully....
2024-12-03 13:08:44,088 - INFO -common - a Directory has been created on artifacts/data_validation Location...
2024-12-03 13:12:12,973 - INFO -common - Yaml file has been Read Sucessfully....
2024-12-03 13:12:12,975 - INFO -common - a Directory has been created on artifacts/data_validation Location...
2024-12-03 13:12:39,538 - INFO -common - Yaml file has been Read Sucessfully....
2024-12-03 13:12:39,539 - INFO -common - a Directory has been created on artifacts/data_validation Location...
2024-12-03 13:12:40,967 - INFO -common - Yaml file has been Read Sucessfully....
2024-12-03 13:12:40,968 - INFO -common - a Directory has been created on artifacts/data_validation Location...
2024-12-03 13:12:48,185 - INFO -common - Yaml file has been Read Sucessfully....
2024-12-03 13:12:48,186 - INFO -common - a Directory has been created on artifacts/data_validation Location...
2024-12-03 13:12:50,819 - INFO -common - Yaml file has been Read Sucessfully....
2024-12-03 13:12:50,821 - INFO -common - a Directory has been created on artifacts/data_validation Location...
2024-12-03 13:13:12,623 - INFO -common - Yaml file has been Read Sucessfully....
2024-12-03 13:13:12,624 - INFO -common - a Directory has been created on artifacts/data_validation Location...
2024-12-03 13:13:47,514 - INFO -common - Yaml file has been Read Sucessfully....
2024-12-03 13:13:47,516 - INFO -common - a Directory has been created on artifacts/data_validation Location...
2024-12-03 13:13:58,816 - INFO -common - Yaml file has been Read Sucessfully....
2024-12-03 13:13:58,817 - INFO -common - a Directory has been created on artifacts/data_validation Location...
2024-12-03 13:14:10,150 - INFO -common - Yaml file has been Read Sucessfully....
2024-12-03 13:14:10,151 - INFO -common - a Directory has been created on artifacts/data_validation Location...
2024-12-03 13:14:41,103 - INFO -common - Yaml file has been Read Sucessfully....
2024-12-03 13:14:41,103 - INFO -common - a Directory has been created on artifacts/data_validation Location...
2024-12-03 13:15:24,669 - INFO -common - Yaml file has been Read Sucessfully....
2024-12-03 13:15:24,670 - INFO -common - a Directory has been created on artifacts/data_validation Location...
2024-12-03 13:16:01,088 - INFO -common - Yaml file has been Read Sucessfully....
2024-12-03 13:16:01,090 - INFO -common - a Directory has been created on artifacts/data_validation Location...
2024-12-03 13:16:42,917 - INFO -common - Yaml file has been Read Sucessfully....
2024-12-03 13:16:42,918 - INFO -common - a Directory has been created on artifacts/data_validation Location...
2024-12-03 13:17:11,572 - INFO -common - Yaml file has been Read Sucessfully....
2024-12-03 13:17:11,574 - INFO -common - a Directory has been created on artifacts/data_validation Location...
2024-12-03 13:18:37,588 - INFO -common - Yaml file has been Read Sucessfully....
2024-12-03 13:18:37,590 - INFO -common - a Directory has been created on artifacts/data_validation Location...
2024-12-03 13:30:47,450 - INFO -common - Yaml file has been Read Sucessfully....
2024-12-03 13:31:33,790 - INFO -common - Yaml file has been Read Sucessfully....
2024-12-03 13:31:44,222 - INFO -common - Yaml file has been Read Sucessfully....
2024-12-03 13:32:39,485 - INFO -common - Yaml file has been Read Sucessfully....
2024-12-03 13:32:39,486 - INFO -common - Yaml file has been Read Sucessfully....
2024-12-03 13:32:39,486 - INFO -common - a Directory has been created on artifacts/data_validation Location...
2024-12-03 13:40:53,100 - INFO -common - Yaml file has been Read Sucessfully....
2024-12-03 13:40:53,102 - INFO -common - Yaml file has been Read Sucessfully....
2024-12-03 13:40:53,103 - INFO -common - a Directory has been created on artifacts/data_validation Location...
2024-12-03 14:01:38,709 - INFO -3655505674 - Validation Status has been updated....
2024-12-03 14:01:38,710 - INFO -3655505674 - Validation Status has been updated....
2024-12-03 14:01:38,710 - INFO -3655505674 - Validation Status has been updated....
2024-12-03 14:01:38,711 - INFO -3655505674 - Validation Status has been updated....
2024-12-03 14:01:38,711 - INFO -3655505674 - Validation Status has been updated....
2024-12-03 14:01:38,712 - INFO -3655505674 - Validation Status has been updated....
2024-12-03 14:01:38,712 - INFO -3655505674 - Validation Status has been updated....
2024-12-03 14:01:38,713 - INFO -3655505674 - Validation Status has been updated....
2024-12-03 14:01:38,713 - INFO -3655505674 - Validation Status has been updated....
2024-12-03 14:01:38,713 - INFO -3655505674 - Validation Status has been updated....
2024-12-03 14:01:38,714 - INFO -3655505674 - Validation Status has been updated....
2024-12-03 14:01:38,714 - INFO -3655505674 - Validation Status has been updated....
2024-12-03 14:02:53,972 - INFO -common - Yaml file has been Read Sucessfully....
2024-12-03 14:02:53,973 - INFO -common - Yaml file has been Read Sucessfully....
2024-12-03 14:02:53,974 - INFO -common - a Directory has been created on artifacts/data_validation Location...
2024-12-03 14:02:53,984 - INFO -3019279649 - Validation Status has been updated....
2024-12-03 15:44:29,056 - INFO -main - Data Ingestion Pipeline has been started....
2024-12-03 15:44:29,057 - INFO -common - Yaml file has been Read Sucessfully....
2024-12-03 15:44:29,057 - INFO -common - Yaml file has been Read Sucessfully....
2024-12-03 15:44:29,057 - INFO -common - a Directory has been created on artifacts Location...
2024-12-03 15:44:29,057 - INFO -common - a Directory has been created on artifacts/data_ingestion Location...
2024-12-03 15:44:29,057 - INFO -data_ingestion - file already Exists....
2024-12-03 15:44:29,057 - INFO -common - a Directory has been created on artifacts/data_ingestion Location...
2024-12-03 15:44:29,059 - INFO -data_ingestion - Data has been Extract to location artifacts/data_ingestion
2024-12-03 15:44:29,059 - INFO -main - Data Ingestion Pipeline has been Completed......
2024-12-03 15:44:29,059 - INFO -main - Data Validation Pipeline has been started....
2024-12-03 15:44:29,060 - INFO -common - Yaml file has been Read Sucessfully....
2024-12-03 15:44:29,060 - INFO -common - Yaml file has been Read Sucessfully....
2024-12-03 15:44:29,060 - INFO -common - a Directory has been created on artifacts Location...
2024-12-03 15:45:40,841 - INFO -main - Data Ingestion Pipeline has been started....
2024-12-03 15:45:40,842 - INFO -common - Yaml file has been Read Sucessfully....
2024-12-03 15:45:40,842 - INFO -common - Yaml file has been Read Sucessfully....
2024-12-03 15:45:40,842 - INFO -common - a Directory has been created on artifacts Location...
2024-12-03 15:45:40,842 - INFO -common - a Directory has been created on artifacts/data_ingestion Location...
2024-12-03 15:45:40,842 - INFO -data_ingestion - file already Exists....
2024-12-03 15:45:40,842 - INFO -common - a Directory has been created on artifacts/data_ingestion Location...
2024-12-03 15:45:40,844 - INFO -data_ingestion - Data has been Extract to location artifacts/data_ingestion
2024-12-03 15:45:40,844 - INFO -main - Data Ingestion Pipeline has been Completed......
2024-12-03 15:45:40,844 - INFO -main - Data Validation Pipeline has been started....
2024-12-03 15:45:40,844 - INFO -common - Yaml file has been Read Sucessfully....
2024-12-03 15:45:40,845 - INFO -common - Yaml file has been Read Sucessfully....
2024-12-03 15:45:40,845 - INFO -common - a Directory has been created on artifacts Location...
2024-12-03 15:47:02,731 - INFO -main - Data Ingestion Pipeline has been started....
2024-12-03 15:47:02,732 - INFO -common - Yaml file has been Read Sucessfully....
2024-12-03 15:47:02,733 - INFO -common - Yaml file has been Read Sucessfully....
2024-12-03 15:47:02,733 - INFO -common - a Directory has been created on artifacts Location...
2024-12-03 15:47:02,733 - INFO -common - a Directory has been created on artifacts/data_ingestion Location...
2024-12-03 15:47:02,733 - INFO -data_ingestion - file already Exists....
2024-12-03 15:47:02,733 - INFO -common - a Directory has been created on artifacts/data_ingestion Location...
2024-12-03 15:47:02,734 - INFO -data_ingestion - Data has been Extract to location artifacts/data_ingestion
2024-12-03 15:47:02,734 - INFO -main - Data Ingestion Pipeline has been Completed......
2024-12-03 15:47:02,734 - INFO -main - Data Validation Pipeline has been started....
2024-12-03 15:47:02,734 - INFO -common - Yaml file has been Read Sucessfully....
2024-12-03 15:47:02,735 - INFO -common - Yaml file has been Read Sucessfully....
2024-12-03 15:47:02,735 - INFO -common - a Directory has been created on artifacts Location...
2024-12-03 15:49:58,512 - INFO -main - Data Ingestion Pipeline has been started....
2024-12-03 15:49:58,512 - INFO -common - Yaml file has been Read Sucessfully....
2024-12-03 15:49:58,513 - INFO -common - Yaml file has been Read Sucessfully....
2024-12-03 15:49:58,513 - INFO -common - a Directory has been created on artifacts Location...
2024-12-03 15:49:58,513 - INFO -common - a Directory has been created on artifacts/data_ingestion Location...
2024-12-03 15:49:58,513 - INFO -data_ingestion - file already Exists....
2024-12-03 15:49:58,513 - INFO -common - a Directory has been created on artifacts/data_ingestion Location...
2024-12-03 15:49:58,514 - INFO -data_ingestion - Data has been Extract to location artifacts/data_ingestion
2024-12-03 15:49:58,514 - INFO -main - Data Ingestion Pipeline has been Completed......
2024-12-03 15:49:58,515 - INFO -main - Data Validation Pipeline has been started....
2024-12-03 15:49:58,515 - INFO -common - Yaml file has been Read Sucessfully....
2024-12-03 15:49:58,516 - INFO -common - Yaml file has been Read Sucessfully....
2024-12-03 15:49:58,516 - INFO -common - a Directory has been created on artifacts Location...
2024-12-03 15:51:02,656 - INFO -main - Data Ingestion Pipeline has been started....
2024-12-03 15:51:02,657 - INFO -common - Yaml file has been Read Sucessfully....
2024-12-03 15:51:02,657 - INFO -common - Yaml file has been Read Sucessfully....
2024-12-03 15:51:02,658 - INFO -common - a Directory has been created on artifacts Location...
2024-12-03 15:51:02,658 - INFO -common - a Directory has been created on artifacts/data_ingestion Location...
2024-12-03 15:51:02,658 - INFO -data_ingestion - file already Exists....
2024-12-03 15:51:02,658 - INFO -common - a Directory has been created on artifacts/data_ingestion Location...
2024-12-03 15:51:02,659 - INFO -data_ingestion - Data has been Extract to location artifacts/data_ingestion
2024-12-03 15:51:02,659 - INFO -main - Data Ingestion Pipeline has been Completed......
2024-12-03 15:51:02,659 - INFO -main - Data Validation Pipeline has been started....
2024-12-03 15:51:02,660 - INFO -common - Yaml file has been Read Sucessfully....
2024-12-03 15:51:02,660 - INFO -common - Yaml file has been Read Sucessfully....
2024-12-03 15:51:02,660 - INFO -common - a Directory has been created on artifacts Location...
2024-12-03 15:53:45,793 - INFO -main - Data Ingestion Pipeline has been started....
2024-12-03 15:53:45,794 - INFO -common - Yaml file has been Read Sucessfully....
2024-12-03 15:53:45,795 - INFO -common - Yaml file has been Read Sucessfully....
2024-12-03 15:53:45,795 - INFO -common - a Directory has been created on artifacts Location...
2024-12-03 15:53:45,795 - INFO -common - a Directory has been created on artifacts/data_ingestion Location...
2024-12-03 15:53:45,795 - INFO -data_ingestion - file already Exists....
2024-12-03 15:53:45,795 - INFO -common - a Directory has been created on artifacts/data_ingestion Location...
2024-12-03 15:53:45,796 - INFO -data_ingestion - Data has been Extract to location artifacts/data_ingestion
2024-12-03 15:53:45,796 - INFO -main - Data Ingestion Pipeline has been Completed......
2024-12-03 15:53:45,796 - INFO -main - Data Validation Pipeline has been started....
2024-12-03 15:53:45,796 - INFO -common - Yaml file has been Read Sucessfully....
2024-12-03 15:53:45,797 - INFO -common - Yaml file has been Read Sucessfully....
2024-12-03 15:53:45,797 - INFO -common - a Directory has been created on artifacts Location...
